[22:21:34] [main/INFO]: Environment: authHost='https://authserver.mojang.com', accountsHost='https://api.mojang.com', sessionHost='https://sessionserver.mojang.com', servicesHost='https://api.minecraftservices.com', name='PROD'
[22:21:35] [main/WARN]: Ambiguity between arguments [teleport, destination] and [teleport, targets] with inputs: [Player, 0123, @e, dd12be42-52a9-4a91-a8a1-11c01849e498]
[22:21:35] [main/WARN]: Ambiguity between arguments [teleport, location] and [teleport, destination] with inputs: [0.1 -0.5 .9, 0 0 0]
[22:21:35] [main/WARN]: Ambiguity between arguments [teleport, location] and [teleport, targets] with inputs: [0.1 -0.5 .9, 0 0 0]
[22:21:35] [main/WARN]: Ambiguity between arguments [teleport, targets] and [teleport, destination] with inputs: [Player, 0123, dd12be42-52a9-4a91-a8a1-11c01849e498]
[22:21:35] [main/WARN]: Ambiguity between arguments [teleport, targets, location] and [teleport, targets, destination] with inputs: [0.1 -0.5 .9, 0 0 0]
[22:21:35] [main/INFO]: Reloading ResourceManager: Default
[22:21:36] [Worker-Main-14/INFO]: Loaded 7 recipes
[22:21:37] [Worker-Main-14/INFO]: Loaded 927 advancements
[22:21:39] [Server thread/INFO]: Starting minecraft server version 1.16.5
[22:21:39] [Server thread/INFO]: Loading properties
[22:21:39] [Server thread/INFO]: Default game type: SURVIVAL
[22:21:39] [Server thread/INFO]: Generating keypair
[22:21:39] [Server thread/INFO]: Starting Minecraft server on *:25565
[22:21:39] [Server thread/INFO]: Using epoll channel type
[22:21:39] [Server thread/WARN]: **** FAILED TO BIND TO PORT!
[22:21:39] [Server thread/WARN]: The exception was: io.netty.channel.unix.Errors$NativeIoException: bind(..) failed: Address already in use
[22:21:39] [Server thread/WARN]: Perhaps a server is already running on that port?
[22:21:39] [Server thread/INFO]: Stopping server
[22:21:39] [Server thread/INFO]: Saving worlds
[22:21:39] [Server thread/ERROR]: Exception stopping the server
java.lang.NullPointerException: null
	at net.minecraft.server.MinecraftServer.a(SourceFile:572) ~[server.jar:?]
	at net.minecraft.server.MinecraftServer.t(SourceFile:599) ~[server.jar:?]
	at zg.t(SourceFile:567) ~[server.jar:?]
	at net.minecraft.server.MinecraftServer.w(SourceFile:707) ~[server.jar:?]
	at net.minecraft.server.MinecraftServer.a(SourceFile:257) ~[server.jar:?]
	at java.lang.Thread.run(Thread.java:829) [?:?]
